*Vertices 100
1  "0" ic red fos 10
2  "1" ic blue fos 10
3  "2" ic red fos 10
4  "3" ic blue fos 10
5  "4" ic red fos 10
6  "5" ic blue fos 10
7  "6" ic red fos 10
8  "7" ic blue fos 10
9  "8" ic red fos 10
10  "9" ic blue fos 10
11  "10" ic red fos 10
12  "11" ic blue fos 10
13  "12" ic red fos 10
14  "13" ic blue fos 10
15  "14" ic red fos 10
16  "15" ic blue fos 10
17  "16" ic red fos 10
18  "17" ic blue fos 10
19  "18" ic red fos 10
20  "19" ic blue fos 10
21  "20" ic red fos 10
22  "21" ic blue fos 10
23  "22" ic red fos 10
24  "23" ic blue fos 10
25  "24" ic red fos 10
26  "25" ic blue fos 10
27  "26" ic red fos 10
28  "27" ic blue fos 10
29  "28" ic red fos 10
30  "29" ic blue fos 10
31  "30" ic red fos 10
32  "31" ic blue fos 10
33  "32" ic red fos 10
34  "33" ic blue fos 10
35  "34" ic red fos 10
36  "35" ic blue fos 10
37  "36" ic red fos 10
38  "37" ic blue fos 10
39  "38" ic red fos 10
40  "39" ic blue fos 10
41  "40" ic red fos 10
42  "41" ic blue fos 10
43  "42" ic red fos 10
44  "43" ic blue fos 10
45  "44" ic red fos 10
46  "45" ic blue fos 10
47  "46" ic red fos 10
48  "47" ic blue fos 10
49  "48" ic red fos 10
50  "49" ic blue fos 10
51  "50" ic red fos 10
52  "51" ic blue fos 10
53  "52" ic red fos 10
54  "53" ic blue fos 10
55  "54" ic red fos 10
56  "55" ic blue fos 10
57  "56" ic red fos 10
58  "57" ic blue fos 10
59  "58" ic red fos 10
60  "59" ic blue fos 10
61  "60" ic red fos 10
62  "61" ic blue fos 10
63  "62" ic red fos 10
64  "63" ic blue fos 10
65  "64" ic Red fos 10
66  "65" ic Red fos 10
67  "66" ic Red fos 10
68  "67" ic Red fos 10
69  "68" ic Red fos 10
70  "69" ic Red fos 10
71  "70" ic Red fos 10
72  "71" ic Red fos 10
73  "72" ic Red fos 10
74  "73" ic Red fos 10
75  "74" ic Red fos 10
76  "75" ic Red fos 10
77  "76" ic Red fos 10
78  "77" ic Red fos 10
79  "78" ic Red fos 10
80  "79" ic Red fos 10
81  "80" ic Red fos 10
82  "81" ic Red fos 10
83  "82" ic Red fos 10
84  "83" ic Red fos 10
85  "84" ic Red fos 10
86  "85" ic Red fos 10
87  "86" ic Red fos 10
88  "87" ic Red fos 10
89  "88" ic Red fos 10
90  "89" ic Red fos 10
91  "90" ic Red fos 10
92  "91" ic Red fos 10
93  "92" ic Red fos 10
94  "93" ic Red fos 10
95  "94" ic Red fos 10
96  "95" ic Red fos 10
97  "96" ic Red fos 10
98  "97" ic Red fos 10
99  "98" ic Red fos 10
100  "99" ic Red fos 10
*Arcs 1000
8 50 1 c red
74 59 1 c red
31 73 1 c red
45 79 1 c red
24 10 1 c red
41 66 1 c red
93 43 1 c red
88 4 1 c red
28 30 1 c red
41 13 1 c red
4 70 1 c red
10 58 1 c red
61 34 1 c red
100 79 1 c red
17 36 1 c red
98 27 1 c red
13 68 1 c red
11 34 1 c red
80 50 1 c red
80 22 1 c red
68 73 1 c red
94 37 1 c red
86 46 1 c red
29 92 1 c red
95 58 1 c red
2 54 1 c red
9 45 1 c red
69 91 1 c red
25 97 1 c red
31 4 1 c red
23 67 1 c red
50 25 1 c red
2 54 1 c red
78 9 1 c red
29 34 1 c red
99 82 1 c red
36 14 1 c red
66 15 1 c red
64 37 1 c red
26 70 1 c red
16 95 1 c red
30 2 1 c red
18 96 1 c red
6 5 1 c red
52 99 1 c red
89 24 1 c red
6 83 1 c red
53 67 1 c red
17 38 1 c red
39 45 1 c red
2 98 1 c red
72 29 1 c red
38 59 1 c red
78 98 1 c red
95 5 1 c red
10 32 1 c red
46 76 1 c red
36 99 1 c red
43 100 1 c red
69 13 1 c red
61 58 1 c red
95 9 1 c red
96 69 1 c red
14 31 1 c red
7 63 1 c red
43 66 1 c red
83 53 1 c red
68 22 1 c red
96 13 1 c red
72 2 1 c red
91 32 1 c red
39 58 1 c red
17 91 1 c red
41 80 1 c red
36 7 1 c red
73 99 1 c red
96 20 1 c red
55 24 1 c red
90 61 1 c red
6 27 1 c red
24 7 1 c red
14 71 1 c red
39 95 1 c red
21 45 1 c red
67 35 1 c red
27 95 1 c red
64 39 1 c red
45 91 1 c red
51 60 1 c red
24 48 1 c red
86 18 1 c red
73 40 1 c red
48 86 1 c red
97 86 1 c red
24 21 1 c red
45 69 1 c red
36 16 1 c red
26 35 1 c red
43 12 1 c red
80 53 1 c red
45 96 1 c red
19 97 1 c red
93 16 1 c red
92 34 1 c red
70 98 1 c red
54 48 1 c red
26 11 1 c red
63 12 1 c red
9 78 1 c red
62 26 1 c red
36 69 1 c red
96 77 1 c red
68 40 1 c red
75 32 1 c red
57 2 1 c red
73 61 1 c red
95 85 1 c red
56 90 1 c red
8 16 1 c red
94 70 1 c red
81 56 1 c red
56 7 1 c red
64 3 1 c red
77 9 1 c red
50 32 1 c red
45 39 1 c red
9 98 1 c red
52 50 1 c red
4 32 1 c red
32 15 1 c red
20 76 1 c red
10 81 1 c red
30 24 1 c red
55 61 1 c red
38 46 1 c red
18 26 1 c red
1 57 1 c red
65 98 1 c red
49 5 1 c red
77 13 1 c red
55 98 1 c red
5 82 1 c red
49 66 1 c red
79 100 1 c red
10 30 1 c red
54 84 1 c red
48 8 1 c red
74 23 1 c red
6 77 1 c red
54 25 1 c red
31 67 1 c red
1 45 1 c red
71 86 1 c red
17 99 1 c red
56 34 1 c red
58 77 1 c red
79 67 1 c red
58 12 1 c red
79 15 1 c red
20 38 1 c red
34 92 1 c red
21 63 1 c red
34 98 1 c red
32 89 1 c red
90 74 1 c red
78 5 1 c red
59 1 1 c red
55 61 1 c red
16 48 1 c red
81 31 1 c red
56 47 1 c red
8 39 1 c red
1 27 1 c red
36 58 1 c red
14 15 1 c red
94 61 1 c red
55 19 1 c red
58 86 1 c red
30 16 1 c red
64 3 1 c red
18 44 1 c red
20 68 1 c red
48 70 1 c red
96 4 1 c red
74 4 1 c red
49 86 1 c red
59 60 1 c red
7 31 1 c red
25 33 1 c red
74 4 1 c red
98 21 1 c red
51 32 1 c red
81 4 1 c red
1 21 1 c red
34 59 1 c red
4 77 1 c red
51 35 1 c red
81 80 1 c red
33 75 1 c red
50 43 1 c red
50 72 1 c red
11 80 1 c red
84 71 1 c red
41 24 1 c red
51 72 1 c red
30 19 1 c red
47 100 1 c red
31 22 1 c red
77 25 1 c red
45 59 1 c red
97 72 1 c red
65 61 1 c red
99 52 1 c red
41 4 1 c red
52 2 1 c red
6 81 1 c red
19 75 1 c red
50 14 1 c red
21 26 1 c red
13 84 1 c red
89 18 1 c red
9 51 1 c red
25 96 1 c red
58 12 1 c red
91 67 1 c red
11 94 1 c red
54 66 1 c red
61 43 1 c red
4 53 1 c red
8 42 1 c red
11 1 1 c red
100 28 1 c red
72 88 1 c red
15 26 1 c red
42 18 1 c red
49 43 1 c red
16 75 1 c red
46 74 1 c red
21 12 1 c red
40 55 1 c red
6 30 1 c red
54 90 1 c red
67 57 1 c red
5 61 1 c red
99 93 1 c red
21 17 1 c red
81 68 1 c red
53 40 1 c red
99 2 1 c red
12 17 1 c red
92 72 1 c red
29 72 1 c red
62 46 1 c red
21 41 1 c red
59 54 1 c red
28 51 1 c red
12 64 1 c red
95 34 1 c red
96 32 1 c red
43 17 1 c red
7 16 1 c red
25 2 1 c red
98 62 1 c red
4 25 1 c red
9 37 1 c red
82 16 1 c red
11 17 1 c red
6 74 1 c red
82 21 1 c red
92 70 1 c red
66 28 1 c red
37 29 1 c red
26 85 1 c red
68 50 1 c red
77 47 1 c red
77 67 1 c red
68 21 1 c red
85 92 1 c red
11 59 1 c red
12 45 1 c red
35 26 1 c red
68 90 1 c red
19 15 1 c red
26 19 1 c red
29 30 1 c red
35 28 1 c red
41 55 1 c red
41 97 1 c red
36 84 1 c red
49 66 1 c red
12 53 1 c red
65 77 1 c red
38 76 1 c red
46 11 1 c red
16 93 1 c red
11 48 1 c red
38 100 1 c red
48 16 1 c red
94 80 1 c red
30 65 1 c red
80 2 1 c red
26 90 1 c red
59 34 1 c red
1 90 1 c red
71 18 1 c red
47 39 1 c red
44 39 1 c red
37 22 1 c red
20 97 1 c red
48 89 1 c red
60 88 1 c red
13 85 1 c red
90 85 1 c red
35 68 1 c red
20 16 1 c red
46 77 1 c red
62 26 1 c red
20 32 1 c red
4 99 1 c red
99 40 1 c red
5 4 1 c red
80 66 1 c red
92 8 1 c red
25 66 1 c red
22 55 1 c red
7 51 1 c red
4 33 1 c red
33 42 1 c red
55 78 1 c red
18 1 1 c red
90 66 1 c red
48 23 1 c red
80 18 1 c red
17 49 1 c red
63 30 1 c red
40 9 1 c red
4 58 1 c red
62 53 1 c red
67 22 1 c red
58 97 1 c red
56 31 1 c red
95 56 1 c red
22 13 1 c red
94 28 1 c red
33 45 1 c red
92 99 1 c red
53 57 1 c red
71 4 1 c red
40 15 1 c red
100 67 1 c red
36 22 1 c red
44 53 1 c red
87 20 1 c red
51 11 1 c red
24 70 1 c red
6 44 1 c red
12 32 1 c red
93 17 1 c red
100 72 1 c red
40 71 1 c red
37 92 1 c red
58 34 1 c red
29 78 1 c red
11 84 1 c red
77 90 1 c red
92 35 1 c red
12 5 1 c red
27 92 1 c red
91 23 1 c red
65 91 1 c red
85 14 1 c red
42 28 1 c red
80 85 1 c red
38 71 1 c red
62 82 1 c red
66 3 1 c red
55 60 1 c red
48 78 1 c red
63 11 1 c red
20 51 1 c red
78 42 1 c red
37 21 1 c red
100 13 1 c red
60 57 1 c red
91 53 1 c red
49 15 1 c red
45 19 1 c red
51 2 1 c red
96 22 1 c red
32 2 1 c red
46 62 1 c red
58 11 1 c red
29 6 1 c red
74 38 1 c red
70 97 1 c red
4 22 1 c red
76 19 1 c red
1 90 1 c red
63 55 1 c red
64 44 1 c red
90 51 1 c red
36 16 1 c red
65 95 1 c red
64 59 1 c red
53 93 1 c red
17 15 1 c red
21 61 1 c red
51 69 1 c red
42 48 1 c red
97 88 1 c red
2 35 1 c red
29 72 1 c red
49 76 1 c red
54 72 1 c red
30 94 1 c red
20 72 1 c red
21 65 1 c red
80 31 1 c red
11 81 1 c red
14 43 1 c red
39 83 1 c red
45 29 1 c red
94 76 1 c red
81 1 1 c red
97 48 1 c red
71 88 1 c red
44 34 1 c red
53 62 1 c red
25 1 1 c red
81 79 1 c red
58 24 1 c red
99 15 1 c red
46 63 1 c red
10 11 1 c red
50 19 1 c red
91 56 1 c red
44 56 1 c red
86 35 1 c red
76 22 1 c red
52 27 1 c red
52 60 1 c red
84 15 1 c red
38 80 1 c red
99 1 1 c red
38 86 1 c red
79 85 1 c red
43 16 1 c red
61 68 1 c red
41 8 1 c red
67 29 1 c red
63 64 1 c red
70 91 1 c red
24 79 1 c red
14 62 1 c red
11 41 1 c red
79 1 1 c red
95 8 1 c red
57 52 1 c red
87 32 1 c red
45 40 1 c red
77 85 1 c red
53 9 1 c red
15 55 1 c red
20 29 1 c red
72 71 1 c red
64 48 1 c red
25 44 1 c red
55 9 1 c red
82 53 1 c red
89 64 1 c red
60 20 1 c red
80 57 1 c red
62 88 1 c red
54 100 1 c red
89 45 1 c red
81 67 1 c red
84 75 1 c red
37 10 1 c red
68 35 1 c red
40 85 1 c red
52 50 1 c red
67 68 1 c red
11 90 1 c red
28 74 1 c red
82 96 1 c red
37 75 1 c red
36 32 1 c red
73 29 1 c red
99 71 1 c red
88 98 1 c red
90 47 1 c red
91 12 1 c red
13 64 1 c red
13 82 1 c red
52 31 1 c red
22 14 1 c red
29 51 1 c red
1 60 1 c red
55 93 1 c red
95 31 1 c red
33 60 1 c red
78 80 1 c red
33 73 1 c red
84 82 1 c red
54 23 1 c red
22 57 1 c red
19 92 1 c red
1 97 1 c red
21 5 1 c red
100 30 1 c red
45 76 1 c red
71 17 1 c red
100 81 1 c red
19 89 1 c red
53 29 1 c red
1 63 1 c red
41 50 1 c red
86 84 1 c red
16 60 1 c red
79 60 1 c red
62 83 1 c red
49 55 1 c red
41 82 1 c red
71 29 1 c red
52 45 1 c red
70 96 1 c red
70 11 1 c red
73 24 1 c red
26 20 1 c red
51 32 1 c red
44 47 1 c red
70 71 1 c red
95 11 1 c red
93 65 1 c red
25 62 1 c red
20 21 1 c red
63 62 1 c red
26 35 1 c red
50 91 1 c red
23 61 1 c red
94 29 1 c red
23 82 1 c red
67 69 1 c red
24 23 1 c red
40 18 1 c red
94 65 1 c red
79 57 1 c red
72 42 1 c red
56 37 1 c red
90 29 1 c red
21 3 1 c red
13 17 1 c red
48 47 1 c red
52 73 1 c red
12 24 1 c red
37 6 1 c red
8 34 1 c red
67 54 1 c red
13 26 1 c red
41 54 1 c red
58 34 1 c red
96 40 1 c red
52 59 1 c red
95 61 1 c red
39 30 1 c red
76 99 1 c red
93 34 1 c red
63 77 1 c red
37 47 1 c red
74 65 1 c red
85 93 1 c red
20 43 1 c red
29 60 1 c red
63 46 1 c red
17 28 1 c red
73 49 1 c red
1 71 1 c red
99 93 1 c red
46 29 1 c red
1 44 1 c red
93 64 1 c red
84 73 1 c red
2 10 1 c red
22 87 1 c red
14 70 1 c red
32 58 1 c red
20 87 1 c red
57 17 1 c red
15 16 1 c red
38 67 1 c red
98 78 1 c red
61 13 1 c red
92 32 1 c red
75 64 1 c red
78 25 1 c red
85 34 1 c red
51 28 1 c red
100 30 1 c red
10 45 1 c red
65 52 1 c red
13 80 1 c red
35 8 1 c red
84 1 1 c red
60 11 1 c red
54 92 1 c red
22 26 1 c red
54 30 1 c red
97 54 1 c red
62 59 1 c red
92 64 1 c red
21 69 1 c red
88 27 1 c red
73 20 1 c red
42 5 1 c red
52 93 1 c red
46 71 1 c red
75 63 1 c red
77 18 1 c red
27 14 1 c red
45 72 1 c red
80 36 1 c red
30 89 1 c red
49 79 1 c red
18 24 1 c red
39 9 1 c red
30 27 1 c red
69 7 1 c red
100 56 1 c red
30 77 1 c red
89 97 1 c red
20 65 1 c red
38 17 1 c red
19 92 1 c red
84 99 1 c red
21 49 1 c red
62 52 1 c red
19 78 1 c red
47 62 1 c red
79 29 1 c red
64 36 1 c red
7 9 1 c red
69 80 1 c red
20 24 1 c red
78 93 1 c red
54 79 1 c red
54 96 1 c red
72 76 1 c red
5 63 1 c red
33 20 1 c red
32 36 1 c red
11 35 1 c red
71 79 1 c red
66 46 1 c red
80 76 1 c red
28 88 1 c red
64 38 1 c red
67 35 1 c red
84 76 1 c red
85 56 1 c red
57 100 1 c red
65 94 1 c red
87 34 1 c red
25 48 1 c red
95 31 1 c red
68 66 1 c red
11 83 1 c red
6 15 1 c red
53 42 1 c red
86 92 1 c red
7 61 1 c red
61 13 1 c red
4 31 1 c red
86 1 1 c red
86 68 1 c red
85 89 1 c red
1 87 1 c red
1 96 1 c red
100 3 1 c red
29 84 1 c red
18 37 1 c red
3 90 1 c red
79 26 1 c red
90 23 1 c red
96 6 1 c red
20 92 1 c red
22 75 1 c red
15 63 1 c red
7 84 1 c red
27 20 1 c red
2 31 1 c red
45 76 1 c red
59 63 1 c red
32 37 1 c red
21 9 1 c red
25 48 1 c red
9 12 1 c red
98 1 1 c red
15 97 1 c red
100 46 1 c red
34 63 1 c red
40 55 1 c red
22 87 1 c red
37 11 1 c red
63 74 1 c red
94 36 1 c red
89 72 1 c red
39 22 1 c red
92 14 1 c red
61 58 1 c red
93 44 1 c red
76 69 1 c red
14 16 1 c red
37 92 1 c red
48 70 1 c red
33 35 1 c red
29 44 1 c red
80 7 1 c red
55 8 1 c red
38 4 1 c red
22 48 1 c red
35 50 1 c red
17 60 1 c red
39 51 1 c red
84 87 1 c red
97 86 1 c red
25 23 1 c red
64 82 1 c red
13 52 1 c red
3 96 1 c red
37 55 1 c red
9 81 1 c red
32 31 1 c red
96 15 1 c red
13 37 1 c red
38 10 1 c red
86 20 1 c red
82 11 1 c red
9 10 1 c red
40 68 1 c red
20 67 1 c red
100 21 1 c red
16 78 1 c red
23 43 1 c red
81 82 1 c red
86 31 1 c red
26 37 1 c red
95 46 1 c red
3 34 1 c red
81 57 1 c red
35 18 1 c red
59 6 1 c red
93 61 1 c red
52 2 1 c red
43 45 1 c red
36 56 1 c red
73 44 1 c red
23 14 1 c red
42 82 1 c red
80 19 1 c red
61 30 1 c red
56 83 1 c red
65 33 1 c red
14 96 1 c red
29 5 1 c red
56 12 1 c red
82 11 1 c red
5 52 1 c red
17 62 1 c red
65 6 1 c red
23 14 1 c red
44 37 1 c red
19 95 1 c red
89 44 1 c red
40 3 1 c red
44 71 1 c red
20 13 1 c red
18 33 1 c red
83 98 1 c red
60 74 1 c red
91 20 1 c red
11 12 1 c red
16 79 1 c red
43 46 1 c red
71 63 1 c red
9 84 1 c red
100 10 1 c red
14 51 1 c red
52 66 1 c red
3 18 1 c red
54 100 1 c red
17 85 1 c red
70 43 1 c red
4 16 1 c red
30 58 1 c red
83 65 1 c red
53 55 1 c red
27 28 1 c red
56 60 1 c red
53 87 1 c red
23 30 1 c red
87 50 1 c red
80 99 1 c red
91 4 1 c red
87 44 1 c red
28 86 1 c red
99 88 1 c red
18 32 1 c red
77 62 1 c red
64 15 1 c red
84 33 1 c red
23 12 1 c red
92 72 1 c red
43 34 1 c red
54 31 1 c red
81 5 1 c red
16 88 1 c red
11 82 1 c red
59 87 1 c red
34 41 1 c red
60 37 1 c red
63 39 1 c red
55 27 1 c red
27 13 1 c red
96 22 1 c red
78 42 1 c red
59 55 1 c red
21 98 1 c red
28 52 1 c red
63 33 1 c red
38 5 1 c red
58 6 1 c red
8 44 1 c red
59 40 1 c red
44 98 1 c red
82 66 1 c red
58 6 1 c red
18 13 1 c red
25 85 1 c red
60 100 1 c red
17 41 1 c red
52 47 1 c red
23 94 1 c red
16 50 1 c red
62 50 1 c red
32 97 1 c red
24 97 1 c red
45 51 1 c red
39 32 1 c red
60 36 1 c red
66 2 1 c red
88 38 1 c red
49 21 1 c red
25 95 1 c red
76 4 1 c red
90 87 1 c red
46 44 1 c red
58 33 1 c red
62 79 1 c red
5 3 1 c red
32 21 1 c red
87 31 1 c red
44 68 1 c red
49 45 1 c red
18 50 1 c red
26 74 1 c red
64 17 1 c red
81 49 1 c red
80 58 1 c red
15 6 1 c red
90 8 1 c red
6 28 1 c red
15 16 1 c red
9 98 1 c red
50 96 1 c red
30 27 1 c red
67 99 1 c red
86 63 1 c red
19 54 1 c red
80 4 1 c red
84 24 1 c red
60 22 1 c red
75 35 1 c red
76 3 1 c red
37 80 1 c red
16 51 1 c red
14 51 1 c red
93 49 1 c red
84 82 1 c red
48 9 1 c red
7 79 1 c red
7 68 1 c red
15 11 1 c red
71 59 1 c red
18 47 1 c red
5 57 1 c red
64 38 1 c red
99 35 1 c red
57 9 1 c red
13 14 1 c red
81 25 1 c red
5 14 1 c red
74 63 1 c red
80 78 1 c red
70 48 1 c red
32 54 1 c red
34 40 1 c red
21 95 1 c red
98 25 1 c red
72 59 1 c red
21 49 1 c red
19 2 1 c red
18 93 1 c red
14 81 1 c red
57 41 1 c red
95 69 1 c red
71 64 1 c red
50 35 1 c red
26 72 1 c red
92 51 1 c red
18 11 1 c red
55 26 1 c red
2 95 1 c red
93 35 1 c red
71 47 1 c red
88 22 1 c red
66 90 1 c red
72 66 1 c red
61 11 1 c red
76 10 1 c red
95 24 1 c red
35 75 1 c red
15 95 1 c red
24 76 1 c red
78 58 1 c red
28 23 1 c red
75 73 1 c red
84 18 1 c red
31 91 1 c red
7 97 1 c red
13 96 1 c red
39 17 1 c red
22 85 1 c red
28 79 1 c red
61 73 1 c red
88 36 1 c red
82 27 1 c red
95 31 1 c red
96 59 1 c red
20 13 1 c red
44 13 1 c red
7 29 1 c red
94 27 1 c red
34 82 1 c red
97 93 1 c red
62 10 1 c red
78 25 1 c red
23 41 1 c red
53 16 1 c red
81 93 1 c red
52 53 1 c red
74 78 1 c red
18 27 1 c red
66 62 1 c red
40 50 1 c red
8 20 1 c red
31 77 1 c red
26 82 1 c red
28 60 1 c red
98 94 1 c red
26 30 1 c red
23 49 1 c red
54 80 1 c red
69 28 1 c red
25 32 1 c red
78 7 1 c red
1 73 1 c red
2 31 1 c red
99 78 1 c red
50 95 1 c red
28 53 1 c red
60 78 1 c red
71 52 1 c red
25 85 1 c red
21 16 1 c red
20 78 1 c red
65 1 1 c red
19 18 1 c red
24 18 1 c red
55 69 1 c red
88 76 1 c red
14 23 1 c red
58 17 1 c red
83 43 1 c red
63 9 1 c red
41 6 1 c red
71 7 1 c red
2 20 1 c red
21 63 1 c red
18 36 1 c red
53 95 1 c red
